<?xml version="1.0" encoding="UTF-8"?>
<!-- Generated by org.testng.reporters.JUnitXMLReporter -->
<testsuite hostname="Sayannas-MacBook-Pro.local" ignored="0" name="Default test" tests="4" failures="0" timestamp="2021-04-22T14:41:16 PDT" time="3.137" errors="0">
  <testcase name="getRequest_RentalCars" time="1.731" classname="com.qa.restassured.tesla.rentalcarTests.RentalCarsTest"/>
  <testcase name="getRequest_teslaCarsWithBluecolor" time="0.323" classname="com.qa.restassured.tesla.rentalcarTests.RentalCarsTest"/>
  <testcase name="getRequest_LowestPricePerDay" time="0.265" classname="com.qa.restassured.tesla.rentalcarTests.RentalCarsTest"/>
  <testcase name="highestRevenueCarsList" time="0.284" classname="com.qa.restassured.tesla.rentalcarTests.RentalCarsTest"/>
</testsuite> <!-- Default test -->
